<?xml version="1.0" encoding="UTF-8"?>
<!-- Generated by org.testng.reporters.JUnitReportReporter -->
<testsuite skipped="0" hostname="TRANGTHU292" name="demo_20140919.Appium_demo" tests="1" failures="0" timestamp="30 Jul 2017 07:53:42 GMT" time="3.082" errors="0">
  <testcase name="f" time="3.082" classname="demo_20140919.Appium_demo"/>
</testsuite> <!-- demo_20140919.Appium_demo -->
